<?xml version="1.0" encoding="UTF-8"?>
<!-- Generated by org.testng.reporters.JUnitXMLReporter -->
<testsuite ignored="0" hostname="LAPTOP-8LOUFHRQ" failures="0" tests="3" name="Submit Order Test" time="73.844" errors="0" timestamp="2024-12-23T01:02:42 ICT">
  <testcase classname="testingwebdriver.tests.StandAloneTest" name="SubmitOrder" time="15.355"/>
  <testcase classname="testingwebdriver.tests.StandAloneTest" name="SubmitOrder" time="18.669"/>
  <testcase classname="testingwebdriver.tests.StandAloneTest" name="OrderHistoryTest" time="1.174"/>
</testsuite> <!-- Submit Order Test -->
