<?xml version="1.0" encoding="UTF-8"?>
<!-- Generated by org.testng.reporters.JUnitXMLReporter -->
<testsuite ignored="0" hostname="LAPTOP-8LOUFHRQ" failures="0" tests="2" name="Error Validation Test" time="42.857" errors="0" timestamp="2024-12-25T19:54:54 ICT">
  <testcase classname="testingwebdriver.tests.ErrorValidationsTest" name="LoginErrorValidation" time="3.093"/>
  <testcase classname="testingwebdriver.tests.ErrorValidationsTest" name="ProductErrorValidation" time="25.156"/>
</testsuite> <!-- Error Validation Test -->
