<?xml version="1.0" encoding="UTF-8"?>
<!-- Generated by org.testng.reporters.JUnitXMLReporter -->
<testsuite ignored="0" hostname="LAPTOP-8LOUFHRQ" failures="0" tests="3" name="Submit Order Test" time="72.85" errors="0" timestamp="2024-12-25T19:54:10 ICT">
  <testcase classname="testingwebdriver.tests.StandAloneTest" name="SubmitOrder" time="18.642"/>
  <testcase classname="testingwebdriver.tests.StandAloneTest" name="SubmitOrder" time="22.299"/>
  <testcase classname="testingwebdriver.tests.StandAloneTest" name="OrderHistoryTest" time="4.075"/>
</testsuite> <!-- Submit Order Test -->
